2018-05-25 14:49:39,800 -2    [main] com.ggj.java.Log4JTest  ERROR - e [com.ggj.java.Log4JTest.main(Log4JTest.java:17)] 
2018-05-25 14:50:12,471 -2    [main] com.ggj.java.Log4JTest  ERROR - e [com.ggj.java.Log4JTest.main(Log4JTest.java:17)] 
2018-05-25 15:03:16,802 -3    [main] com.ggj.java.Log4JTest  ERROR - e [com.ggj.java.Log4JTest.main(Log4JTest.java:19)] 
2018-05-25 15:03:40,992 -3    [main] com.ggj.java.Log4JTest  ERROR - e [com.ggj.java.Log4JTest.main(Log4JTest.java:19)] 
2018-05-25 15:04:11,173 -3    [main] com.ggj.java.Log4JTest  ERROR - e [com.ggj.java.Log4JTest.main(Log4JTest.java:18)] 
2018-05-25 15:05:05,152 -2    [main] com.ggj.java.Log4JTest  ERROR - e [com.ggj.java.Log4JTest.main(Log4JTest.java:18)] 
2018-05-25 15:05:09,946 -3    [main] com.ggj.java.Log4JTest  ERROR - e [com.ggj.java.Log4JTest.main(Log4JTest.java:18)] 
[log4j] 2018-05-25 15:07:25,344 -3    [main] com.ggj.java.Log4JTest  ERROR - e [com.ggj.java.Log4JTest.main(Log4JTest.java:18)] 
[log4j] 2018-05-25 15:07:29,227 -2    [main] com.ggj.java.Log4JTest  ERROR - e [com.ggj.java.Log4JTest.main(Log4JTest.java:18)] 
[log4j] 2018-05-25 15:07:42,207 -5    [main] com.ggj.java.Log4JTest  ERROR - e [com.ggj.java.Log4JTest.main(Log4JTest.java:18)] 
2018-05-25 15:08:04,056 -2    [main] com.ggj.java.Log4JTest  ERROR - e [com.ggj.java.Log4JTest.main(Log4JTest.java:18)] 
2018-05-25 15:08:22,887 -3    [main] com.ggj.java.Log4JTest  ERROR - e [com.ggj.java.Log4JTest.main(Log4JTest.java:18)] 
2018-05-25 15:09:01,444 -4    [main] com.ggj.java.Log4JTest  ERROR - e [com.ggj.java.Log4JTest.main(Log4JTest.java:18)] 
2018-05-25 15:10:40,038 -2    [main] com.ggj.java.Log4jToSl4jTest  ERROR - e [com.ggj.java.Log4jToSl4jTest.main(Log4jToSl4jTest.java:25)] 
2018-05-25 15:10:47,538 -2    [main] com.ggj.java.Log4jToSl4jTest  ERROR - e [com.ggj.java.Log4jToSl4jTest.main(Log4jToSl4jTest.java:25)] 
2018-05-25 15:12:21,104 -2    [main] com.ggj.java.Log4jToSl4jTest  ERROR - e [com.ggj.java.Log4jToSl4jTest.main(Log4jToSl4jTest.java:25)] 
2018-05-25 15:16:11,702 -2    [main] com.ggj.java.Log4jToSl4jTest  ERROR - e [com.ggj.java.Log4jToSl4jTest.main(Log4jToSl4jTest.java:25)] 
2018-05-25 15:41:52,309 -16   [main] com.ggj.java.Sl4jBindLog4J  ERROR - e [com.ggj.java.Sl4jBindLog4J.main(Sl4jBindLog4J.java:22)] 
2018-05-25 15:46:21,151 -2    [main] com.ggj.java.Log4jToSl4jTest  ERROR - e [com.ggj.java.Log4jToSl4jTest.main(Log4jToSl4jTest.java:34)] 
2018-05-25 16:39:11,837 -2    [main] com.ggj.java.Log4j2  ERROR - e [com.ggj.java.Log4j2.main(Log4j2.java:16)] 
2018-05-25 16:43:50,267 -2    [main] com.ggj.java.Log4j2  ERROR - e [com.ggj.java.Log4j2.main(Log4j2.java:17)] 
